<?xml version="1.0" encoding="UTF-8"?>
<!-- Generated by org.testng.reporters.JUnitReportReporter -->
<testsuite skipped="0" hostname="Tuntun-PC" name="ze.page1test" tests="1" failures="0" timestamp="23 May 2019 05:46:41 GMT" time="34.940" errors="0">
  <testcase name="main" time="34.940" classname="ze.page1test"/>
</testsuite> <!-- ze.page1test -->
