<?xml version="1.0" encoding="UTF-8"?>
<!-- Generated by org.testng.reporters.JUnitReportReporter -->
<testsuite skipped="0" hostname="Tuntun-PC" name="ze.page1test" tests="1" failures="0" timestamp="22 May 2019 15:14:30 GMT" time="11.839" errors="0">
  <testcase name="main" time="11.839" classname="ze.page1test"/>
</testsuite> <!-- ze.page1test -->
